PCAD Importer Log
Project : Resistor_DIP.LibPkg

Section : D:\PCAD-Libs\Resistor_DIP.lib
    Section : PCB Library - Resistor_DIP.PcbLib
        Section : Load Messages
            Warning - 1 : Skipping Token defaultPinDes On Line 628
            Warning - 1 : Skipping Token defaultPinDes On Line 629
            Warning - 1 : Skipping Token defaultPinDes On Line 630
            Warning - 1 : Skipping Token defaultPinDes On Line 631
            Warning - 1 : Skipping Token defaultPinDes On Line 632
            Warning - 1 : Skipping Token defaultPinDes On Line 633
            Warning - 1 : Skipping Token defaultPinDes On Line 634
            Warning - 1 : Skipping Token defaultPinDes On Line 635
            Warning - 1 : Skipping Token defaultPinDes On Line 636
            Warning - 1 : Skipping Token defaultPinDes On Line 637
            Warning - 1 : Skipping Token defaultPinDes On Line 664
            Warning - 1 : Skipping Token defaultPinDes On Line 665
            Warning - 1 : Skipping Token defaultPinDes On Line 696
            Warning - 1 : Skipping Token defaultPinDes On Line 697
            Warning - 1 : Skipping Token defaultPinDes On Line 698
            Warning - 1 : Skipping Token defaultPinDes On Line 730
            Warning - 1 : Skipping Token defaultPinDes On Line 731
            Warning - 1 : Skipping Token defaultPinDes On Line 732
            Warning - 1 : Skipping Token defaultPinDes On Line 765
            Warning - 1 : Skipping Token defaultPinDes On Line 766
            Warning - 1 : Skipping Token defaultPinDes On Line 767
            Warning - 1 : Skipping Token defaultPinDes On Line 798
            Warning - 1 : Skipping Token defaultPinDes On Line 799
            Warning - 1 : Skipping Token defaultPinDes On Line 800
            Warning - 1 : Skipping Token defaultPinDes On Line 831
            Warning - 1 : Skipping Token defaultPinDes On Line 832
            Warning - 1 : Skipping Token defaultPinDes On Line 833
            Warning - 1 : Skipping Token defaultPinDes On Line 867
            Warning - 1 : Skipping Token defaultPinDes On Line 868
            Warning - 1 : Skipping Token defaultPinDes On Line 869
            Warning - 1 : Skipping Token defaultPinDes On Line 930
            Warning - 1 : Skipping Token defaultPinDes On Line 931
            Warning - 1 : Skipping Token defaultPinDes On Line 961
            Warning - 1 : Skipping Token defaultPinDes On Line 962
            Warning - 1 : Skipping Token defaultPinDes On Line 1005
            Warning - 1 : Skipping Token defaultPinDes On Line 1006
            Warning - 1 : Skipping Token defaultPinDes On Line 1049
            Warning - 1 : Skipping Token defaultPinDes On Line 1050
            Warning - 1 : Skipping Token defaultPinDes On Line 1093
            Warning - 1 : Skipping Token defaultPinDes On Line 1094
            Warning - 1 : Skipping Token defaultPinDes On Line 1142
            Warning - 1 : Skipping Token defaultPinDes On Line 1143
            Warning - 1 : Skipping Token defaultPinDes On Line 1184
            Warning - 1 : Skipping Token defaultPinDes On Line 1185
            Warning - 1 : Skipping Token defaultPinDes On Line 1229
            Warning - 1 : Skipping Token defaultPinDes On Line 1230
            Warning - 1 : Skipping Token defaultPinDes On Line 1269
            Warning - 1 : Skipping Token defaultPinDes On Line 1270
            Warning - 1 : Skipping Token defaultPinDes On Line 1313
            Warning - 1 : Skipping Token defaultPinDes On Line 1314
            Warning - 1 : Skipping Token defaultPinDes On Line 1344
            Warning - 1 : Skipping Token defaultPinDes On Line 1345
            Warning - 1 : Skipping Token defaultPinDes On Line 1372
            Warning - 1 : Skipping Token defaultPinDes On Line 1373
            Warning - 1 : Skipping Token defaultPinDes On Line 1417
            Warning - 1 : Skipping Token defaultPinDes On Line 1418
            Warning - 1 : Skipping Token defaultPinDes On Line 1448
            Warning - 1 : Skipping Token defaultPinDes On Line 1449
            Warning - 1 : Skipping Token defaultPinDes On Line 1480
            Warning - 1 : Skipping Token defaultPinDes On Line 1481
            Warning - 1 : Skipping Token defaultPinDes On Line 1512
            Warning - 1 : Skipping Token defaultPinDes On Line 1513
            Warning - 1 : Skipping Token defaultPinDes On Line 1547
            Warning - 1 : Skipping Token defaultPinDes On Line 1548
            Warning - 1 : Skipping Token defaultPinDes On Line 1582
            Warning - 1 : Skipping Token defaultPinDes On Line 1583
            Warning - 1 : Skipping Token defaultPinDes On Line 1617
            Warning - 1 : Skipping Token defaultPinDes On Line 1618
            Warning - 1 : Skipping Token defaultPinDes On Line 1644
            Warning - 1 : Skipping Token defaultPinDes On Line 1645
            Warning - 1 : Skipping Token defaultPinDes On Line 1671
            Warning - 1 : Skipping Token defaultPinDes On Line 1672
            Warning - 1 : Skipping Token defaultPinDes On Line 1698
            Warning - 1 : Skipping Token defaultPinDes On Line 1699
            Warning - 1 : Skipping Token defaultPinDes On Line 1725
            Warning - 1 : Skipping Token defaultPinDes On Line 1726
            Warning - 1 : Skipping Token defaultPinDes On Line 1753
            Warning - 1 : Skipping Token defaultPinDes On Line 1754
            Warning - 1 : Skipping Token defaultPinDes On Line 1788
            Warning - 1 : Skipping Token defaultPinDes On Line 1789
            Warning - 1 : Skipping Token defaultPinDes On Line 1824
            Warning - 1 : Skipping Token defaultPinDes On Line 1825
            Warning - 1 : Skipping Token defaultPinDes On Line 1860
            Warning - 1 : Skipping Token defaultPinDes On Line 1861
            Warning - 1 : Skipping Token defaultPinDes On Line 1896
            Warning - 1 : Skipping Token defaultPinDes On Line 1897
            Warning - 1 : Skipping Token defaultPinDes On Line 1936
            Warning - 1 : Skipping Token defaultPinDes On Line 1937
            Warning - 1 : Skipping Token defaultPinDes On Line 1960
            Warning - 1 : Skipping Token defaultPinDes On Line 1961
            Warning - 1 : Skipping Token defaultPinDes On Line 2001
            Warning - 1 : Skipping Token defaultPinDes On Line 2002
            Warning - 1 : Skipping Token defaultPinDes On Line 2041
            Warning - 1 : Skipping Token defaultPinDes On Line 2042
            Warning - 1 : Skipping Token defaultPinDes On Line 2069
            Warning - 1 : Skipping Token defaultPinDes On Line 2070
            Warning - 1 : Skipping Token defaultPinDes On Line 2112
            Warning - 1 : Skipping Token defaultPinDes On Line 2113
            Warning - 1 : Skipping Token defaultPinDes On Line 2114
            Warning - 1 : Skipping Token defaultPinDes On Line 2167
            Warning - 1 : Skipping Token defaultPinDes On Line 2168
            Warning - 1 : Skipping Token defaultPinDes On Line 2169
            Warning - 1 : Skipping Token defaultPinDes On Line 2304
            Warning - 1 : Skipping Token defaultPinDes On Line 2305
            Warning - 1 : Skipping Token defaultPinDes On Line 2335
            Warning - 1 : Skipping Token defaultPinDes On Line 2336
            Warning - 1 : Skipping Token defaultPinDes On Line 2366
            Warning - 1 : Skipping Token defaultPinDes On Line 2367
            Warning - 1 : Skipping Token defaultPinDes On Line 2397
            Warning - 1 : Skipping Token defaultPinDes On Line 2398
            Warning - 1 : Skipping Token defaultPinDes On Line 2428
            Warning - 1 : Skipping Token defaultPinDes On Line 2429
            Warning - 1 : Skipping Token defaultPinDes On Line 2459
            Warning - 1 : Skipping Token defaultPinDes On Line 2460
            Warning - 1 : Skipping Token defaultPinDes On Line 2490
            Warning - 1 : Skipping Token defaultPinDes On Line 2491
            Warning - 1 : Skipping Token defaultPinDes On Line 2521
            Warning - 1 : Skipping Token defaultPinDes On Line 2522
            Warning - 1 : Skipping Token defaultPinDes On Line 2538
            Warning - 1 : Skipping Token defaultPinDes On Line 2539
            Warning - 1 : Skipping Token defaultPinDes On Line 2568
            Warning - 1 : Skipping Token defaultPinDes On Line 2569
            Warning - 1 : Skipping Token defaultPinDes On Line 2570
            Warning - 1 : Skipping Token defaultPinDes On Line 2598
            Warning - 1 : Skipping Token defaultPinDes On Line 2599
            Warning - 1 : Skipping Token defaultPinDes On Line 2600
            Warning - 1 : Skipping Token defaultPinDes On Line 2636
            Warning - 1 : Skipping Token defaultPinDes On Line 2637
            Warning - 1 : Skipping Token defaultPinDes On Line 2672
            Warning - 1 : Skipping Token defaultPinDes On Line 2673
            Warning - 1 : Skipping Token defaultPinDes On Line 2700
            Warning - 1 : Skipping Token defaultPinDes On Line 2701
            Warning - 1 : Skipping Token defaultPinDes On Line 2736
            Warning - 1 : Skipping Token defaultPinDes On Line 2737
            Warning - 1 : Skipping Token defaultPinDes On Line 2764
            Warning - 1 : Skipping Token defaultPinDes On Line 2765
            Warning - 1 : Skipping Token defaultPinDes On Line 2800
            Warning - 1 : Skipping Token defaultPinDes On Line 2801
            Warning - 1 : Skipping Token defaultPinDes On Line 2828
            Warning - 1 : Skipping Token defaultPinDes On Line 2829
            Warning - 1 : Skipping Token defaultPinDes On Line 2864
            Warning - 1 : Skipping Token defaultPinDes On Line 2865
            Warning - 1 : Skipping Token defaultPinDes On Line 2892
            Warning - 1 : Skipping Token defaultPinDes On Line 2893
            Warning - 1 : Skipping Token defaultPinDes On Line 2894
            Warning - 1 : Skipping Token 10A On Line 4640
            Warning - 1 : Skipping Token 3266X-502 On Line 4730
            Warning - 1 : Skipping Token 3266X-502_R On Line 4769
            Warning - 1 : Skipping Token 3266X-503 On Line 4808
            Warning - 1 : Skipping Token 3266X-503_R On Line 4847
            Warning - 1 : Skipping Token R-PER On Line 4886
            Warning - 1 : Skipping Token RES1-1% On Line 4922
            Warning - 1 : Skipping Token RES1-1,5K On Line 4951
            Warning - 1 : Skipping Token RES1-1-10M On Line 4981
            Warning - 1 : Skipping Token RES1-10-100K On Line 5011
            Warning - 1 : Skipping Token RES1-10K On Line 5041
            Warning - 1 : Skipping Token RES1-120 On Line 5071
            Warning - 1 : Skipping Token RES1-2.87K On Line 5101
            Warning - 1 : Skipping Token RES1-200 On Line 5131
            Warning - 1 : Skipping Token RES1-22 On Line 5161
            Warning - 1 : Skipping Token RES1-2K On Line 5191
            Warning - 1 : Skipping Token RES1-3K On Line 5221
            Warning - 1 : Skipping Token RES1-4,7K On Line 5251
            Warning - 1 : Skipping Token RES1-620 On Line 5281
            Warning - 1 : Skipping Token RES1-TERMO-10K On Line 5311
            Warning - 1 : Skipping Token RES2-1,5K On Line 5340
            Warning - 1 : Skipping Token RES2-1-10M On Line 5370
            Warning - 1 : Skipping Token RES2-10-100K On Line 5400
            Warning - 1 : Skipping Token RES2-10K On Line 5430
            Warning - 1 : Skipping Token RES2-120 On Line 5460
            Warning - 1 : Skipping Token RES2-2.87K On Line 5490
            Warning - 1 : Skipping Token RES2-200 On Line 5520
            Warning - 1 : Skipping Token RES2-22 On Line 5550
            Warning - 1 : Skipping Token RES2-2K On Line 5580
            Warning - 1 : Skipping Token RES2-3K On Line 5610
            Warning - 1 : Skipping Token RES2-4,7K On Line 5640
            Warning - 1 : Skipping Token RES2-620 On Line 5670
            Warning - 1 : Skipping Token RES2-TERMO-10K On Line 5700
            Warning - 1 : Skipping Token RES_SIMPLE On Line 5729
            Warning - 1 : Skipping Token RES_SIMPLE_0125W On Line 5757
            Warning - 1 : Skipping Token RES_SIMPLE_025W On Line 5788
            Warning - 1 : Skipping Token RES_SIMPLE_05W On Line 5818
            Warning - 1 : Skipping Token RES_SIMPLE_1W On Line 5848
            Warning - 1 : Skipping Token RES_SIMPLE_2W On Line 5878
            Warning - 1 : Skipping Token RES_VAR On Line 5909
            Warning - 1 : Skipping Token RRU On Line 5948
            Warning - 1 : Skipping Token RZ On Line 5977
            Warning - 1 : Skipping Token R_TERM On Line 6010
            Warning - 1 : Skipping Token SP3-19A On Line 6041
            Warning - 1 : Skipping Token SP3-19A1 On Line 6080
            Warning - 1 : Skipping Token SP3-19A1A On Line 6122
            Warning - 1 : Skipping Token SP3-19A2 On Line 6164
            Warning - 1 : Skipping Token SP3-19A2A On Line 6206
            Warning - 1 : Skipping Token SP3-19B On Line 6248
            Warning - 1 : Skipping Token SP3-19Â On Line 6287
            Warning - 1 : Skipping Token TERMORES-H1 On Line 6326
            Warning - 1 : Skipping Token TERMORES-V1 On Line 6357
            Warning - 1 : Skipping Token attachedSymbol On Line 6407
            Warning - 1 : Skipping Token attachedSymbol On Line 6435
            Warning - 1 : Skipping Token attachedSymbol On Line 6456
            Warning - 1 : Skipping Token attachedSymbol On Line 6478
            Warning - 1 : Skipping Token attachedSymbol On Line 6501
            Warning - 1 : Skipping Token attachedSymbol On Line 6502
            Warning - 1 : Skipping Token attachedSymbol On Line 6525
            Warning - 1 : Skipping Token attachedSymbol On Line 6526
            Warning - 1 : Skipping Token attachedSymbol On Line 6549
            Warning - 1 : Skipping Token attachedSymbol On Line 6550
            Warning - 1 : Skipping Token attachedSymbol On Line 6573
            Warning - 1 : Skipping Token attachedSymbol On Line 6574
            Warning - 1 : Skipping Token attachedSymbol On Line 6596
            Warning - 1 : Skipping Token attachedSymbol On Line 6619
            Warning - 1 : Skipping Token attachedSymbol On Line 6620
            Warning - 1 : Skipping Token attachedSymbol On Line 6642
            Warning - 1 : Skipping Token attachedSymbol On Line 6664
            Warning - 1 : Skipping Token attachedSymbol On Line 6665
            Warning - 1 : Skipping Token attachedSymbol On Line 6685
            Warning - 1 : Skipping Token attachedSymbol On Line 6705
            Warning - 1 : Skipping Token attachedSymbol On Line 6725
            Warning - 1 : Skipping Token attachedSymbol On Line 6745
            Warning - 1 : Skipping Token attachedSymbol On Line 6765
            Warning - 1 : Skipping Token attachedSymbol On Line 6785
            Warning - 1 : Skipping Token attachedSymbol On Line 6806
            Warning - 1 : Skipping Token attachedSymbol On Line 6826
            Warning - 1 : Skipping Token attachedSymbol On Line 6847
            Warning - 1 : Skipping Token attachedSymbol On Line 6868
            Warning - 1 : Skipping Token attachedSymbol On Line 6889
            Warning - 1 : Skipping Token attachedSymbol On Line 6910
            Warning - 1 : Skipping Token attachedSymbol On Line 6911
            Warning - 1 : Skipping Token attachedSymbol On Line 6931
            Warning - 1 : Skipping Token attachedSymbol On Line 6952
            Warning - 1 : Skipping Token attachedSymbol On Line 6973
            Warning - 1 : Skipping Token attachedSymbol On Line 6994
            Warning - 1 : Skipping Token attachedSymbol On Line 7015
            Warning - 1 : Skipping Token attachedSymbol On Line 7035
            Warning - 1 : Skipping Token attachedSymbol On Line 7056
            Warning - 1 : Skipping Token attachedSymbol On Line 7077
            Warning - 1 : Skipping Token attachedSymbol On Line 7098
            Warning - 1 : Skipping Token attachedSymbol On Line 7119
            Warning - 1 : Skipping Token attachedSymbol On Line 7140
            Warning - 1 : Skipping Token attachedSymbol On Line 7161
            Warning - 1 : Skipping Token attachedSymbol On Line 7182
            Warning - 1 : Skipping Token attachedSymbol On Line 7204
            Warning - 1 : Skipping Token attachedSymbol On Line 7205
            Warning - 1 : Skipping Token attachedSymbol On Line 7228
            Warning - 1 : Skipping Token attachedSymbol On Line 7252
            Warning - 1 : Skipping Token attachedSymbol On Line 7253
            Warning - 1 : Skipping Token attachedSymbol On Line 7276
            Warning - 1 : Skipping Token attachedSymbol On Line 7299
            Warning - 1 : Skipping Token attachedSymbol On Line 7320
            Warning - 1 : Skipping Token attachedSymbol On Line 7341
            Warning - 1 : Skipping Token attachedSymbol On Line 7362
            Warning - 1 : Skipping Token attachedSymbol On Line 7383
            Warning - 1 : Skipping Token attachedSymbol On Line 7404
            Warning - 1 : Skipping Token attachedSymbol On Line 7425
            Warning - 1 : Skipping Token attachedSymbol On Line 7446
            Warning - 1 : Skipping Token attachedSymbol On Line 7447
            Warning - 1 : Skipping Token attachedSymbol On Line 7469
            Warning - 1 : Skipping Token attachedSymbol On Line 7491
            Warning - 1 : Skipping Token attachedSymbol On Line 7513
            Warning - 1 : Skipping Token attachedSymbol On Line 7534
            Warning - 1 : Skipping Token attachedSymbol On Line 7555
            Warning - 1 : Skipping Token attachedSymbol On Line 7576
            Warning - 1 : Skipping Token attachedSymbol On Line 7597
            Warning - 1 : Skipping Token attachedSymbol On Line 7618
            Warning - 1 : Skipping Token attachedSymbol On Line 7639
            Warning - 1 : Skipping Token attachedSymbol On Line 7660
            Warning - 1 : Skipping Token attachedSymbol On Line 7681
            Warning - 1 : Skipping Token attachedSymbol On Line 7702
            Warning - 1 : Skipping Token attachedSymbol On Line 7722
            Warning - 1 : Skipping Token attachedSymbol On Line 7742
            Warning - 1 : Skipping Token attachedSymbol On Line 7762
            Warning - 1 : Skipping Token attachedSymbol On Line 7782
            Warning - 1 : Skipping Token attachedSymbol On Line 7802
            Warning - 1 : Skipping Token attachedSymbol On Line 7822
            Warning - 1 : Skipping Token attachedSymbol On Line 7842
            Warning - 1 : Skipping Token attachedSymbol On Line 7862
            Warning - 1 : Skipping Token attachedSymbol On Line 7884
            Warning - 1 : Skipping Token attachedSymbol On Line 7907
            Warning - 1 : Skipping Token attachedSymbol On Line 7933
            Warning - 1 : Skipping Token attachedSymbol On Line 7934
            Warning - 1 : Skipping Token attachedSymbol On Line 7959
        EndSection

        Section : Import Messages
            Warning - 0 : PCAD Pattern Graphics [TRF250-183][Gorizontal] associated with PCAD Component [TRF250-183] has been renamed to PCB FootPrint [TRF250-183_Gorizontal].
        EndSection
    EndSection

    Section : SCH Library - Resistor_DIP.SchLib
        Section : Parsing Messages
            Warning - 1 : Skipping Token padStyleDef On Line 13
            Warning - 1 : Skipping Token padStyleDef On Line 23
            Warning - 1 : Skipping Token padStyleDef On Line 33
            Warning - 1 : Skipping Token padStyleDef On Line 43
            Warning - 1 : Skipping Token padStyleDef On Line 53
            Warning - 1 : Skipping Token padStyleDef On Line 63
            Warning - 1 : Skipping Token padStyleDef On Line 73
            Warning - 1 : Skipping Token padStyleDef On Line 83
            Warning - 1 : Skipping Token padStyleDef On Line 93
            Warning - 1 : Skipping Token padStyleDef On Line 103
            Warning - 1 : Skipping Token padStyleDef On Line 113
            Warning - 1 : Skipping Token padStyleDef On Line 123
            Warning - 1 : Skipping Token padStyleDef On Line 133
            Warning - 1 : Skipping Token padStyleDef On Line 143
            Warning - 1 : Skipping Token padStyleDef On Line 153
            Warning - 1 : Skipping Token padStyleDef On Line 163
            Warning - 1 : Skipping Token padStyleDef On Line 173
            Warning - 1 : Skipping Token padStyleDef On Line 183
            Warning - 1 : Skipping Token padStyleDef On Line 193
            Warning - 1 : Skipping Token padStyleDef On Line 203
            Warning - 1 : Skipping Token padStyleDef On Line 214
            Warning - 1 : Skipping Token padStyleDef On Line 224
            Warning - 1 : Skipping Token viaStyleDef On Line 235
            Warning - 1 : Skipping Token multiLayer On Line 627
            Warning - 1 : Skipping Token layerContents On Line 639
            Warning - 1 : Skipping Token layerContents On Line 648
            Warning - 1 : Skipping Token multiLayer On Line 663
            Warning - 1 : Skipping Token layerContents On Line 667
            Warning - 1 : Skipping Token layerContents On Line 677
            Warning - 1 : Skipping Token multiLayer On Line 695
            Warning - 1 : Skipping Token layerContents On Line 700
            Warning - 1 : Skipping Token layerContents On Line 709
            Warning - 1 : Skipping Token multiLayer On Line 729
            Warning - 1 : Skipping Token layerContents On Line 734
            Warning - 1 : Skipping Token layerContents On Line 743
            Warning - 1 : Skipping Token multiLayer On Line 764
            Warning - 1 : Skipping Token layerContents On Line 769
            Warning - 1 : Skipping Token layerContents On Line 780
            Warning - 1 : Skipping Token multiLayer On Line 797
            Warning - 1 : Skipping Token layerContents On Line 802
            Warning - 1 : Skipping Token layerContents On Line 813
            Warning - 1 : Skipping Token multiLayer On Line 830
            Warning - 1 : Skipping Token layerContents On Line 835
            Warning - 1 : Skipping Token layerContents On Line 844
            Warning - 1 : Skipping Token multiLayer On Line 866
            Warning - 1 : Skipping Token layerContents On Line 871
            Warning - 1 : Skipping Token layerContents On Line 882
            Warning - 1 : Skipping Token multiLayer On Line 901
            Warning - 1 : Skipping Token layerContents On Line 906
            Warning - 1 : Skipping Token layerContents On Line 912
            Warning - 1 : Skipping Token multiLayer On Line 929
            Warning - 1 : Skipping Token layerContents On Line 933
            Warning - 1 : Skipping Token layerContents On Line 944
            Warning - 1 : Skipping Token multiLayer On Line 960
            Warning - 1 : Skipping Token layerContents On Line 964
            Warning - 1 : Skipping Token layerContents On Line 976
            Warning - 1 : Skipping Token multiLayer On Line 1004
            Warning - 1 : Skipping Token layerContents On Line 1008
            Warning - 1 : Skipping Token layerContents On Line 1020
            Warning - 1 : Skipping Token multiLayer On Line 1048
            Warning - 1 : Skipping Token layerContents On Line 1052
            Warning - 1 : Skipping Token layerContents On Line 1064
            Warning - 1 : Skipping Token multiLayer On Line 1092
            Warning - 1 : Skipping Token layerContents On Line 1096
            Warning - 1 : Skipping Token layerContents On Line 1110
            Warning - 1 : Skipping Token multiLayer On Line 1141
            Warning - 1 : Skipping Token layerContents On Line 1145
            Warning - 1 : Skipping Token layerContents On Line 1158
            Warning - 1 : Skipping Token multiLayer On Line 1183
            Warning - 1 : Skipping Token layerContents On Line 1187
            Warning - 1 : Skipping Token layerContents On Line 1200
            Warning - 1 : Skipping Token multiLayer On Line 1228
            Warning - 1 : Skipping Token layerContents On Line 1232
            Warning - 1 : Skipping Token layerContents On Line 1244
            Warning - 1 : Skipping Token multiLayer On Line 1268
            Warning - 1 : Skipping Token layerContents On Line 1272
            Warning - 1 : Skipping Token layerContents On Line 1284
            Warning - 1 : Skipping Token multiLayer On Line 1312
            Warning - 1 : Skipping Token layerContents On Line 1316
            Warning - 1 : Skipping Token layerContents On Line 1327
            Warning - 1 : Skipping Token multiLayer On Line 1343
            Warning - 1 : Skipping Token layerContents On Line 1347
            Warning - 1 : Skipping Token layerContents On Line 1357
            Warning - 1 : Skipping Token multiLayer On Line 1371
            Warning - 1 : Skipping Token layerContents On Line 1375
            Warning - 1 : Skipping Token layerContents On Line 1386
            Warning - 1 : Skipping Token multiLayer On Line 1416
            Warning - 1 : Skipping Token layerContents On Line 1420
            Warning - 1 : Skipping Token layerContents On Line 1434
            Warning - 1 : Skipping Token multiLayer On Line 1447
            Warning - 1 : Skipping Token layerContents On Line 1451
            Warning - 1 : Skipping Token layerContents On Line 1463
            Warning - 1 : Skipping Token multiLayer On Line 1479
            Warning - 1 : Skipping Token layerContents On Line 1483
            Warning - 1 : Skipping Token layerContents On Line 1495
            Warning - 1 : Skipping Token multiLayer On Line 1511
            Warning - 1 : Skipping Token layerContents On Line 1515
            Warning - 1 : Skipping Token layerContents On Line 1528
            Warning - 1 : Skipping Token multiLayer On Line 1546
            Warning - 1 : Skipping Token layerContents On Line 1550
            Warning - 1 : Skipping Token layerContents On Line 1563
            Warning - 1 : Skipping Token multiLayer On Line 1581
            Warning - 1 : Skipping Token layerContents On Line 1585
            Warning - 1 : Skipping Token layerContents On Line 1598
            Warning - 1 : Skipping Token multiLayer On Line 1616
            Warning - 1 : Skipping Token layerContents On Line 1620
            Warning - 1 : Skipping Token layerContents On Line 1629
            Warning - 1 : Skipping Token multiLayer On Line 1643
            Warning - 1 : Skipping Token layerContents On Line 1647
            Warning - 1 : Skipping Token layerContents On Line 1655
            Warning - 1 : Skipping Token multiLayer On Line 1670
            Warning - 1 : Skipping Token layerContents On Line 1674
            Warning - 1 : Skipping Token layerContents On Line 1683
            Warning - 1 : Skipping Token multiLayer On Line 1697
            Warning - 1 : Skipping Token layerContents On Line 1701
            Warning - 1 : Skipping Token layerContents On Line 1710
            Warning - 1 : Skipping Token multiLayer On Line 1724
            Warning - 1 : Skipping Token layerContents On Line 1728
            Warning - 1 : Skipping Token layerContents On Line 1738
            Warning - 1 : Skipping Token multiLayer On Line 1752
            Warning - 1 : Skipping Token layerContents On Line 1756
            Warning - 1 : Skipping Token layerContents On Line 1765
            Warning - 1 : Skipping Token multiLayer On Line 1787
            Warning - 1 : Skipping Token layerContents On Line 1791
            Warning - 1 : Skipping Token layerContents On Line 1801
            Warning - 1 : Skipping Token multiLayer On Line 1823
            Warning - 1 : Skipping Token layerContents On Line 1827
            Warning - 1 : Skipping Token layerContents On Line 1837
            Warning - 1 : Skipping Token multiLayer On Line 1859
            Warning - 1 : Skipping Token layerContents On Line 1863
            Warning - 1 : Skipping Token layerContents On Line 1873
            Warning - 1 : Skipping Token multiLayer On Line 1895
            Warning - 1 : Skipping Token layerContents On Line 1899
            Warning - 1 : Skipping Token layerContents On Line 1913
            Warning - 1 : Skipping Token multiLayer On Line 1935
            Warning - 1 : Skipping Token layerContents On Line 1939
            Warning - 1 : Skipping Token layerContents On Line 1945
            Warning - 1 : Skipping Token multiLayer On Line 1959
            Warning - 1 : Skipping Token layerContents On Line 1963
            Warning - 1 : Skipping Token layerContents On Line 1986
            Warning - 1 : Skipping Token multiLayer On Line 2000
            Warning - 1 : Skipping Token layerContents On Line 2004
            Warning - 1 : Skipping Token layerContents On Line 2014
            Warning - 1 : Skipping Token multiLayer On Line 2040
            Warning - 1 : Skipping Token layerContents On Line 2044
            Warning - 1 : Skipping Token layerContents On Line 2054
            Warning - 1 : Skipping Token multiLayer On Line 2068
            Warning - 1 : Skipping Token layerContents On Line 2072
            Warning - 1 : Skipping Token layerContents On Line 2095
            Warning - 1 : Skipping Token multiLayer On Line 2111
            Warning - 1 : Skipping Token layerContents On Line 2116
            Warning - 1 : Skipping Token layerContents On Line 2123
            Warning - 1 : Skipping Token multiLayer On Line 2141
            Warning - 1 : Skipping Token layerContents On Line 2146
            Warning - 1 : Skipping Token layerContents On Line 2152
            Warning - 1 : Skipping Token multiLayer On Line 2166
            Warning - 1 : Skipping Token layerContents On Line 2171
            Warning - 1 : Skipping Token layerContents On Line 2180
            Warning - 1 : Skipping Token multiLayer On Line 2201
            Warning - 1 : Skipping Token layerContents On Line 2209
            Warning - 1 : Skipping Token layerContents On Line 2223
            Warning - 1 : Skipping Token multiLayer On Line 2241
            Warning - 1 : Skipping Token layerContents On Line 2246
            Warning - 1 : Skipping Token layerContents On Line 2260
            Warning - 1 : Skipping Token multiLayer On Line 2278
            Warning - 1 : Skipping Token layerContents On Line 2283
            Warning - 1 : Skipping Token layerContents On Line 2289
            Warning - 1 : Skipping Token multiLayer On Line 2303
            Warning - 1 : Skipping Token layerContents On Line 2307
            Warning - 1 : Skipping Token layerContents On Line 2318
            Warning - 1 : Skipping Token multiLayer On Line 2334
            Warning - 1 : Skipping Token layerContents On Line 2338
            Warning - 1 : Skipping Token layerContents On Line 2349
            Warning - 1 : Skipping Token multiLayer On Line 2365
            Warning - 1 : Skipping Token layerContents On Line 2369
            Warning - 1 : Skipping Token layerContents On Line 2380
            Warning - 1 : Skipping Token multiLayer On Line 2396
            Warning - 1 : Skipping Token layerContents On Line 2400
            Warning - 1 : Skipping Token layerContents On Line 2411
            Warning - 1 : Skipping Token multiLayer On Line 2427
            Warning - 1 : Skipping Token layerContents On Line 2431
            Warning - 1 : Skipping Token layerContents On Line 2442
            Warning - 1 : Skipping Token multiLayer On Line 2458
            Warning - 1 : Skipping Token layerContents On Line 2462
            Warning - 1 : Skipping Token layerContents On Line 2473
            Warning - 1 : Skipping Token multiLayer On Line 2489
            Warning - 1 : Skipping Token layerContents On Line 2493
            Warning - 1 : Skipping Token layerContents On Line 2504
            Warning - 1 : Skipping Token multiLayer On Line 2520
            Warning - 1 : Skipping Token layerContents On Line 2524
            Warning - 1 : Skipping Token multiLayer On Line 2537
            Warning - 1 : Skipping Token layerContents On Line 2541
            Warning - 1 : Skipping Token layerContents On Line 2553
            Warning - 1 : Skipping Token multiLayer On Line 2567
            Warning - 1 : Skipping Token layerContents On Line 2573
            Warning - 1 : Skipping Token layerContents On Line 2583
            Warning - 1 : Skipping Token multiLayer On Line 2597
            Warning - 1 : Skipping Token layerContents On Line 2602
            Warning - 1 : Skipping Token layerContents On Line 2611
            Warning - 1 : Skipping Token multiLayer On Line 2635
            Warning - 1 : Skipping Token layerContents On Line 2639
            Warning - 1 : Skipping Token layerContents On Line 2653
            Warning - 1 : Skipping Token multiLayer On Line 2671
            Warning - 1 : Skipping Token layerContents On Line 2675
            Warning - 1 : Skipping Token layerContents On Line 2685
            Warning - 1 : Skipping Token multiLayer On Line 2699
            Warning - 1 : Skipping Token layerContents On Line 2703
            Warning - 1 : Skipping Token layerContents On Line 2717
            Warning - 1 : Skipping Token multiLayer On Line 2735
            Warning - 1 : Skipping Token layerContents On Line 2739
            Warning - 1 : Skipping Token layerContents On Line 2749
            Warning - 1 : Skipping Token multiLayer On Line 2763
            Warning - 1 : Skipping Token layerContents On Line 2767
            Warning - 1 : Skipping Token layerContents On Line 2781
            Warning - 1 : Skipping Token multiLayer On Line 2799
            Warning - 1 : Skipping Token layerContents On Line 2803
            Warning - 1 : Skipping Token layerContents On Line 2813
            Warning - 1 : Skipping Token multiLayer On Line 2827
            Warning - 1 : Skipping Token layerContents On Line 2831
            Warning - 1 : Skipping Token layerContents On Line 2845
            Warning - 1 : Skipping Token multiLayer On Line 2863
            Warning - 1 : Skipping Token layerContents On Line 2867
            Warning - 1 : Skipping Token layerContents On Line 2877
            Warning - 1 : Skipping Token multiLayer On Line 2891
            Warning - 1 : Skipping Token layerContents On Line 2896
            Warning - 1 : Skipping Token layerContents On Line 2902
            Warning - 1 : Skipping Token multiLayer On Line 2916
            Warning - 1 : Skipping Token layerContents On Line 2926
            Warning - 1 : Skipping Token layerContents On Line 3744
            Warning - 1 : Skipping Token layerContents On Line 3794
            Warning - 1 : Skipping Token layerContents On Line 4612
            Warning - 1 : Skipping Token layerContents On Line 4622
            Warning - 1 : Skipping Token defaultPinDes On Line 4647
            Warning - 1 : Skipping Token defaultPinDes On Line 4654
            Warning - 1 : Skipping Token defaultPinDes On Line 4661
            Warning - 1 : Skipping Token defaultPinDes On Line 4668
            Warning - 1 : Skipping Token defaultPinDes On Line 4675
            Warning - 1 : Skipping Token defaultPinDes On Line 4682
            Warning - 1 : Skipping Token defaultPinDes On Line 4689
            Warning - 1 : Skipping Token defaultPinDes On Line 4696
            Warning - 1 : Skipping Token defaultPinDes On Line 4703
            Warning - 1 : Skipping Token defaultPinDes On Line 4710
            Warning - 1 : Skipping Token defaultPinDes On Line 4738
            Warning - 1 : Skipping Token defaultPinDes On Line 4746
            Warning - 1 : Skipping Token defaultPinDes On Line 4754
            Warning - 1 : Skipping Token defaultPinDes On Line 4777
            Warning - 1 : Skipping Token defaultPinDes On Line 4785
            Warning - 1 : Skipping Token defaultPinDes On Line 4793
            Warning - 1 : Skipping Token defaultPinDes On Line 4816
            Warning - 1 : Skipping Token defaultPinDes On Line 4824
            Warning - 1 : Skipping Token defaultPinDes On Line 4832
            Warning - 1 : Skipping Token defaultPinDes On Line 4855
            Warning - 1 : Skipping Token defaultPinDes On Line 4863
            Warning - 1 : Skipping Token defaultPinDes On Line 4871
            Warning - 1 : Skipping Token defaultPinDes On Line 4930
            Warning - 1 : Skipping Token defaultPinDes On Line 4938
            Warning - 1 : Skipping Token defaultPinDes On Line 5737
            Warning - 1 : Skipping Token defaultPinDes On Line 5745
            Warning - 1 : Skipping Token defaultPinDes On Line 5765
            Warning - 1 : Skipping Token defaultPinDes On Line 5773
            Warning - 1 : Skipping Token defaultPinDes On Line 5796
            Warning - 1 : Skipping Token defaultPinDes On Line 5804
            Warning - 1 : Skipping Token defaultPinDes On Line 5826
            Warning - 1 : Skipping Token defaultPinDes On Line 5834
            Warning - 1 : Skipping Token defaultPinDes On Line 5856
            Warning - 1 : Skipping Token defaultPinDes On Line 5864
            Warning - 1 : Skipping Token defaultPinDes On Line 5886
            Warning - 1 : Skipping Token defaultPinDes On Line 5894
            Warning - 1 : Skipping Token defaultPinDes On Line 5917
            Warning - 1 : Skipping Token defaultPinDes On Line 5925
            Warning - 1 : Skipping Token defaultPinDes On Line 5933
            Warning - 1 : Skipping Token defaultPinDes On Line 6049
            Warning - 1 : Skipping Token defaultPinDes On Line 6057
            Warning - 1 : Skipping Token defaultPinDes On Line 6065
            Warning - 1 : Skipping Token defaultPinDes On Line 6256
            Warning - 1 : Skipping Token defaultPinDes On Line 6264
            Warning - 1 : Skipping Token defaultPinDes On Line 6272
            Warning - 1 : Skipping Token defaultPinDes On Line 6295
            Warning - 1 : Skipping Token defaultPinDes On Line 6303
            Warning - 1 : Skipping Token defaultPinDes On Line 6311
            Warning - 1 : Skipping Token defaultPinDes On Line 6334
            Warning - 1 : Skipping Token defaultPinDes On Line 6342
            Warning - 1 : Skipping Token defaultPinDes On Line 6365
            Warning - 1 : Skipping Token defaultPinDes On Line 6373
        EndSection

        Section : Generating SCH Library - Resistor_DIP.SchLib
            Warning - 0 : PCAD Pattern Graphics [TRF250-183][Gorizontal] associated with PCAD Component [TRF250-183] has been renamed to PCB FootPrint [TRF250-183_Gorizontal].
            Warning - 0 : PCAD Pattern Graphics [TRF250-183][Vertical] associated with PCAD Component [TRF250-183] has been renamed to PCB FootPrint [TRF250-183_Vertical].
        EndSection
    EndSection
EndSection
